21:41:26 INFO  : Registering command handlers for SDK TCF services
21:41:27 INFO  : Launching XSCT server: xsct.bat -interactive D:\others_prj\CXP_Embeded\CXP_HOST\Demo\zhongan\cxp_host\cxp_host.sdk\temp_xsdb_launch_script.tcl
21:41:34 INFO  : XSCT server has started successfully.
21:41:36 INFO  : Successfully done setting XSCT server connection channel  
21:41:36 INFO  : Processing command line option -hwspec D:/others_prj/CXP_Embeded/CXP_HOST/Demo/zhongan/cxp_host/cxp_host.sdk/cxp_host_wrapper.hdf.
21:41:36 INFO  : Successfully done setting SDK workspace  
11:26:27 INFO  : Registering command handlers for SDK TCF services
11:26:29 INFO  : Launching XSCT server: xsct.bat -interactive D:\others_prj\CXP_Embeded\CXP_HOST\Demo\zhongan\cxp_host\cxp_host.sdk\temp_xsdb_launch_script.tcl
11:26:35 INFO  : XSCT server has started successfully.
11:26:35 INFO  : Successfully done setting XSCT server connection channel  
11:26:37 INFO  : Processing command line option -hwspec D:/others_prj/CXP_Embeded/CXP_HOST/Demo/zhongan/cxp_host/cxp_host.sdk/cxp_host_wrapper.hdf.
11:26:44 INFO  : Successfully done setting SDK workspace  
11:26:45 INFO  : Checking for hwspec changes in the project cxp_host_wrapper_hw_platform_0.
11:26:45 INFO  : SDK has detected change in the last modified timestamps for source hardware specification file Source:1711077063069,  Project:1703243853923
11:26:45 INFO  : The hardware specification for project 'cxp_host_wrapper_hw_platform_0' is different from D:/others_prj/CXP_Embeded/CXP_HOST/Demo/zhongan/cxp_host/cxp_host.sdk/cxp_host_wrapper.hdf.
11:26:46 INFO  : Copied contents of D:/others_prj/CXP_Embeded/CXP_HOST/Demo/zhongan/cxp_host/cxp_host.sdk/cxp_host_wrapper.hdf into \cxp_host_wrapper_hw_platform_0\system.hdf.
11:26:53 INFO  : Synchronizing projects in the workspace with the hardware platform specification changes.
11:26:56 INFO  : 
11:26:58 INFO  : Updating hardware inferred compiler options for hello_cxp.
11:26:58 INFO  : Clearing existing target manager status.
11:26:58 INFO  : Closing and re-opening the MSS file of ther project hello_cxp_bsp
11:26:58 INFO  : Workspace synchronized with the new hardware specification file. Cleaning dependent projects...
11:27:05 WARN  : Linker script will not be updated automatically. Users need to update it manually.
