Copyright 1986-2019 Xilinx, Inc. All Rights Reserved.
------------------------------------------------------------------------------------
| Tool Version : Vivado v.2019.1 (win64) Build 2552052 Fri May 24 14:49:42 MDT 2019
| Date         : Sat Apr  6 17:24:06 2024
| Host         : Yasing running 64-bit major release  (build 9200)
| Command      : upgrade_ip
| Device       : xcku060-ffva1156-2-i
------------------------------------------------------------------------------------

Upgrade Log for IP 'gtwizard_ultrascale_0'

1. Summary
----------

CAUTION (success, with warnings) in the conversion of gtwizard_ultrascale_0 (xilinx.com:ip:gtwizard_ultrascale:1.7 (Rev. 6)) to Vivado generation flows.

After upgrade, an IP may have parameter and port differences compared to the original customization. Please review the parameters within the IP customization GUI to ensure proper functionality. Also, please review the updated IP instantiation template to ensure proper connectivity, and update your design if required.

2. Connection Warnings
----------------------

Detected external port differences while upgrading 'gtwizard_ultrascale_0'. These changes may impact your design.


-Upgraded port 'gtwiz_buffbypass_rx_done_out' width 4 differs from original width 1

-Upgraded port 'gtwiz_buffbypass_rx_error_out' width 4 differs from original width 1

-Upgraded port 'gtwiz_buffbypass_rx_reset_in' width 4 differs from original width 1

-Upgraded port 'gtwiz_buffbypass_rx_start_user_in' width 4 differs from original width 1

-Upgraded port 'gtwiz_userclk_rx_active_out' width 4 differs from original width 1

-Upgraded port 'gtwiz_userclk_rx_reset_in' width 4 differs from original width 1

-Upgraded port 'gtwiz_userclk_rx_srcclk_out' width 4 differs from original width 1

-Upgraded port 'gtwiz_userclk_rx_usrclk2_out' width 4 differs from original width 1

-Upgraded port 'gtwiz_userclk_rx_usrclk_out' width 4 differs from original width 1


